 0000                   cpu LMM
                        .module main.c
                        .area text(rom, con, rel)
 0000                   .dbfile ./main.c
 0000                   .dbfile C:\DOCUME~1\mtangy\Desktop\ECE381~1\LAB_1b\LAB_1b\main.c
 0000                   .dbfunc e main _main fV
 0000           ;          count -> X+0
 0000           _main::
 0000                   .dbline -1
 0000 10                push X
 0001 4F                mov X,SP
 0002 3801              add SP,1
 0004                   .dbline 10
 0004           ; //----------------------------------------------------------------------------
 0004           ; // C main line
 0004           ; //----------------------------------------------------------------------------
 0004           ; 
 0004           ; #include <m8c.h>        // part specific constants and macros
 0004           ; #include "PSoCAPI.h"    // PSoC API definitions for all User Modules
 0004           ; #include "PSoCGPIOINT.h"
 0004           ; 
 0004           ; int i ; 
 0004           ; void main() {
 0004                   .dbline 11
 0004           ; char count = 0;
 0004 560000            mov [X+0],0
 0007 8024              xjmp L3
 0009           L2:
 0009                   .dbline 12
 0009           ; while(1) {
 0009                   .dbline 13
 0009           ;       count++;
 0009 7700              inc [X+0]
 000B                   .dbline 14
 000B           ;       LED0_Data_ADDR = count;
 000B 5200              mov A,[X+0]
 000D 6000              mov REG[0],A
 000F                   .dbline 15
 000F           ;       for ( i = 0; i < 10000; i ++);
 000F 62D000            mov REG[0xd0],>_i
 0012 550100            mov [_i+1],0
 0015 550000            mov [_i],0
 0018           L5:
 0018                   .dbline 15
 0018           L6:
 0018                   .dbline 15
 0018 62D000            mov REG[0xd0],>_i
 001B 7601              inc [_i+1]
 001D 0E0000            adc [_i],0
 0020                   .dbline 15
 0020 5101              mov A,[_i+1]
 0022 1110              sub A,16
 0024 5100              mov A,[_i]
 0026 3180              xor A,-128
 0028 19A7              sbb A,(39 ^ 0x80)
 002A CFED              jc L5
 002C           X1:
 002C                   .dbline 16
 002C           ; }
 002C           L3:
 002C                   .dbline 12
 002C 8FDC              xjmp L2
 002E           X0:
 002E                   .dbline -2
 002E           L1:
 002E 38FF              add SP,-1
 0030 20                pop X
 0031                   .dbline 0 ; func end
 0031 8FFF              jmp .
 0033                   .dbsym l count 0 c
 0033                   .dbend
                        .area data(ram, con, rel)
 0000                   .dbfile C:\DOCUME~1\mtangy\Desktop\ECE381~1\LAB_1b\LAB_1b\main.c
 0000           _i::
 0000 0000              .byte 0,0
 0002                   .dbsym e i _i I
