 0000                   cpu LMM
                        .module main.c
                        .area text(rom, con, rel)
 0000                   .dbfile ./main.c
 0000                   .dbfile C:\DOCUME~1\mtangy\Desktop\ECE381~1\BLINK_~1\BLINK_~1\main.c
 0000                   .dbfunc e main _main fV
 0000           ;              i -> X+0
 0000           _main::
 0000                   .dbline -1
 0000 10                push X
 0001 4F                mov X,SP
 0002 3802              add SP,2
 0004                   .dbline 9
 0004           ; //----------------------------------------------------------------------------
 0004           ; // C main line
 0004           ; //----------------------------------------------------------------------------
 0004           ; 
 0004           ; #include <m8c.h> // part specific constants and macros
 0004           ; #include "PSoCAPI.h" // PSoC API definitions for all User Modules
 0004           ; #include "PSoCGPIOINT.h" // Include is required to refer to I/O Ports by our custom names
 0004           ; void main()
 0004           ; {
 0004 8035              xjmp L3
 0006           L2:
 0006                   .dbline 11
 0006           ; int i;
 0006           ; while(1) {
 0006                   .dbline 13
 0006           ; 
 0006           ; LED1_Data_ADDR |= LED1_MASK;
 0006 430401            or REG[0x4],1
 0009                   .dbline 15
 0009           ; 
 0009           ; for(i=0 ; i<10000 ; i++);
 0009 560100            mov [X+1],0
 000C 560000            mov [X+0],0
 000F           L5:
 000F                   .dbline 15
 000F           L6:
 000F                   .dbline 15
 000F 7701              inc [X+1]
 0011 0F0000            adc [X+0],0
 0014                   .dbline 15
 0014 5201              mov A,[X+1]
 0016 1110              sub A,16
 0018 5200              mov A,[X+0]
 001A 3180              xor A,-128
 001C 19A7              sbb A,(39 ^ 0x80)
 001E CFF0              jc L5
 0020           X1:
 0020                   .dbline 17
 0020           ; 
 0020           ; LED1_Data_ADDR &= ~LED1_MASK;
 0020 4104FE            and REG[0x4],-2
 0023                   .dbline 19
 0023           ; 
 0023           ; for(i=0 ; i<10000 ; i++);
 0023 560100            mov [X+1],0
 0026 560000            mov [X+0],0
 0029           L9:
 0029                   .dbline 19
 0029           L10:
 0029                   .dbline 19
 0029 7701              inc [X+1]
 002B 0F0000            adc [X+0],0
 002E                   .dbline 19
 002E 5201              mov A,[X+1]
 0030 1110              sub A,16
 0032 5200              mov A,[X+0]
 0034 3180              xor A,-128
 0036 19A7              sbb A,(39 ^ 0x80)
 0038 CFF0              jc L9
 003A           X2:
 003A                   .dbline 21
 003A           ; 
 003A           ; }
 003A           L3:
 003A                   .dbline 11
 003A 8FCB              xjmp L2
 003C           X0:
 003C                   .dbline -2
 003C           L1:
 003C 38FE              add SP,-2
 003E 20                pop X
 003F                   .dbline 0 ; func end
 003F 8FFF              jmp .
 0041                   .dbsym l i 0 I
 0041                   .dbend
